This is TeX, Version 3.1415 (C version 6.1) (format=lplain 94.3.14)  11 OCT 1994 16:43
**hpfm
(hpfm.tex
LaTeX Version 2.09 <25 March 1992>
(/usr/local/lib/tex/tex/latex/base/article.sty
Standard Document Style `article' <14 Jan 92>.
(/usr/local/lib/tex/tex/latex/base/art10.sty)
\c@part=\count79
\c@section=\count80
\c@subsection=\count81
\c@subsubsection=\count82
\c@paragraph=\count83
\c@subparagraph=\count84
\c@figure=\count85
\c@table=\count86
) (hpfm.aux) [1

] [2]
Underfull \hbox (badness 10000) in paragraph at lines 166--182


\hbox(0.0+0.0)x460.63243
.\glue(\rightskip) 0.0

[3] [4] (hpfm.aux) ) 
Here is how much of TeX's memory you used:
 199 strings out of 11864
 1849 string characters out of 78376
 32484 words of memory out of 262141
 2272 multiletter control sequences out of 9500
 9024 words of font info for 32 fonts, out of 100000 for 255
 14 hyphenation exceptions out of 607
 16i,7n,15p,134b,188s stack positions out of 300i,40n,60p,3000b,4000s

Output written on hpfm.dvi (4 pages, 14208 bytes).
