This is TeX, Version 3.1415 (C version 6.1) (format=lplain 94.3.14)  27 MAY 1995 18:40
**mpiguide.tex
(mpiguide.tex
LaTeX Version 2.09 <25 March 1992>
(/usr/local/lib/tex/tex/latex/base/article.sty
Standard Document Style `article' <14 Jan 92>.
(/usr/local/lib/tex/tex/latex/base/art10.sty)
\c@part=\count79
\c@section=\count80
\c@subsection=\count81
\c@subsubsection=\count82
\c@paragraph=\count83
\c@subparagraph=\count84
\c@figure=\count85
\c@table=\count86
) (margins.sty) (mpiguide.aux)
[1

] [2] [3] [4] [5] (mpiguide.aux) ) 
Here is how much of TeX's memory you used:
 202 strings out of 11864
 1908 string characters out of 78376
 31173 words of memory out of 262141
 2272 multiletter control sequences out of 9500
 8678 words of font info for 31 fonts, out of 100000 for 255
 14 hyphenation exceptions out of 607
 16i,4n,15p,147b,163s stack positions out of 300i,40n,60p,3000b,4000s

Output written on mpiguide.dvi (5 pages, 7568 bytes).
